2019-07-29 15:57:30 INFO Starting WebmobileSub2Application on DESKTOP-KVCQHCD with PID 4400 (started by multicampus in C:\Users\multicampus\Desktop\2학기\3주_웹앱프로젝트\webmobile-final\backend)
2019-07-29 15:57:30 INFO No active profile set, falling back to default profiles: default
2019-07-29 15:57:30 INFO Devtools property defaults active! Set 'spring.devtools.add-properties' to 'false' to disable
2019-07-29 15:57:30 INFO For additional web related logging consider setting the 'logging.level.web' property to 'DEBUG'
2019-07-29 15:57:30 WARN No MyBatis mapper was found in '[com.ssafy]' package. Please check your configuration.
2019-07-29 15:57:31 INFO Tomcat initialized with port(s): 9090 (http)
2019-07-29 15:57:31 INFO Initializing ProtocolHandler ["http-nio-9090"]
2019-07-29 15:57:31 INFO Starting service [Tomcat]
2019-07-29 15:57:31 INFO Starting Servlet engine: [Apache Tomcat/9.0.21]
2019-07-29 15:57:31 INFO Initializing Spring embedded WebApplicationContext
2019-07-29 15:57:31 INFO Root WebApplicationContext: initialization completed in 840 ms
2019-07-29 15:57:31 INFO Creating filter chain: Ant [pattern='/css/**'], []
2019-07-29 15:57:31 INFO Creating filter chain: Ant [pattern='/script/**'], []
2019-07-29 15:57:31 INFO Creating filter chain: Ant [pattern='image/**'], []
2019-07-29 15:57:31 INFO Creating filter chain: Ant [pattern='/fonts/**'], []
2019-07-29 15:57:31 INFO Creating filter chain: Ant [pattern='lib/**'], []
2019-07-29 15:57:31 INFO Creating filter chain: any request, [org.springframework.security.web.context.request.async.WebAsyncManagerIntegrationFilter@7c63a36e, org.springframework.security.web.context.SecurityContextPersistenceFilter@400683cd, org.springframework.security.web.header.HeaderWriterFilter@4e172725, org.springframework.security.web.authentication.logout.LogoutFilter@248bb983, org.springframework.security.web.authentication.UsernamePasswordAuthenticationFilter@268f9434, org.springframework.security.web.savedrequest.RequestCacheAwareFilter@2d363416, org.springframework.security.web.servletapi.SecurityContextHolderAwareRequestFilter@399139c6, org.springframework.security.web.authentication.AnonymousAuthenticationFilter@2697b6e2, org.springframework.security.web.session.SessionManagementFilter@2b13888b, org.springframework.security.web.access.ExceptionTranslationFilter@76f51faf, org.springframework.security.web.access.intercept.FilterSecurityInterceptor@2ab77c1b]
2019-07-29 15:57:31 INFO Initializing ExecutorService 'applicationTaskExecutor'
2019-07-29 15:57:31 INFO Adding welcome page: class path resource [static/index.html]
2019-07-29 15:57:31 INFO LiveReload server is running on port 35729
2019-07-29 15:57:31 INFO Starting ProtocolHandler ["http-nio-9090"]
2019-07-29 15:57:31 INFO Tomcat started on port(s): 9090 (http) with context path ''
2019-07-29 15:57:31 INFO Started WebmobileSub2Application in 1.618 seconds (JVM running for 2.431)
2019-07-29 15:57:43 INFO Initializing Spring DispatcherServlet 'dispatcherServlet'
2019-07-29 15:57:43 INFO Initializing Servlet 'dispatcherServlet'
2019-07-29 15:57:43 INFO Completed initialization in 4 ms
2019-07-29 15:57:58 INFO [*] START  - [com.ssafy.rest.ArticleRestController] [USER: anonymousUser] / [METHOD : GET] selectAllArticles
2019-07-29 15:57:58 INFO HikariPool-1 - Starting...
2019-07-29 15:57:58 INFO HikariPool-1 - Start completed.
2019-07-29 15:57:58 INFO [*] FINISH - [com.ssafy.rest.ArticleRestController] [USER: anonymousUser] / [METHOD : GET] selectAllArticles [552ms] 
2019-07-29 15:58:44 INFO Application shutdown requested.
2019-07-29 15:58:44 INFO Shutting down ExecutorService 'applicationTaskExecutor'
2019-07-29 15:58:44 INFO HikariPool-1 - Shutdown initiated...
2019-07-29 15:58:44 INFO HikariPool-1 - Shutdown completed.
2019-07-29 15:58:52 INFO Starting WebmobileSub2Application on DESKTOP-KVCQHCD with PID 7132 (started by multicampus in C:\Users\multicampus\Desktop\2학기\3주_웹앱프로젝트\webmobile-final\backend)
2019-07-29 15:58:52 INFO No active profile set, falling back to default profiles: default
2019-07-29 15:58:52 INFO Devtools property defaults active! Set 'spring.devtools.add-properties' to 'false' to disable
2019-07-29 15:58:52 INFO For additional web related logging consider setting the 'logging.level.web' property to 'DEBUG'
2019-07-29 15:58:52 WARN No MyBatis mapper was found in '[com.ssafy]' package. Please check your configuration.
2019-07-29 15:58:53 INFO Tomcat initialized with port(s): 9090 (http)
2019-07-29 15:58:53 INFO Initializing ProtocolHandler ["http-nio-9090"]
2019-07-29 15:58:53 INFO Starting service [Tomcat]
2019-07-29 15:58:53 INFO Starting Servlet engine: [Apache Tomcat/9.0.21]
2019-07-29 15:58:53 INFO Initializing Spring embedded WebApplicationContext
2019-07-29 15:58:53 INFO Root WebApplicationContext: initialization completed in 821 ms
2019-07-29 15:58:53 INFO Creating filter chain: Ant [pattern='/css/**'], []
2019-07-29 15:58:53 INFO Creating filter chain: Ant [pattern='/script/**'], []
2019-07-29 15:58:53 INFO Creating filter chain: Ant [pattern='image/**'], []
2019-07-29 15:58:53 INFO Creating filter chain: Ant [pattern='/fonts/**'], []
2019-07-29 15:58:53 INFO Creating filter chain: Ant [pattern='lib/**'], []
2019-07-29 15:58:53 INFO Creating filter chain: any request, [org.springframework.security.web.context.request.async.WebAsyncManagerIntegrationFilter@a41a946, org.springframework.security.web.context.SecurityContextPersistenceFilter@7a7d8c86, org.springframework.security.web.header.HeaderWriterFilter@9e544bf, org.springframework.security.web.authentication.logout.LogoutFilter@3c7e7f91, org.springframework.security.web.authentication.UsernamePasswordAuthenticationFilter@2ab77c1b, org.springframework.security.web.savedrequest.RequestCacheAwareFilter@76f51faf, org.springframework.security.web.servletapi.SecurityContextHolderAwareRequestFilter@67830a68, org.springframework.security.web.authentication.AnonymousAuthenticationFilter@1b874bb1, org.springframework.security.web.session.SessionManagementFilter@47f9f385, org.springframework.security.web.access.ExceptionTranslationFilter@232cfa20, org.springframework.security.web.access.intercept.FilterSecurityInterceptor@27c15fe8]
2019-07-29 15:58:53 INFO Initializing ExecutorService 'applicationTaskExecutor'
2019-07-29 15:58:53 INFO Adding welcome page: class path resource [static/index.html]
2019-07-29 15:58:53 INFO LiveReload server is running on port 35729
2019-07-29 15:58:53 INFO Starting ProtocolHandler ["http-nio-9090"]
2019-07-29 15:58:53 INFO Tomcat started on port(s): 9090 (http) with context path ''
2019-07-29 15:58:53 INFO Started WebmobileSub2Application in 1.676 seconds (JVM running for 2.501)
2019-07-29 15:59:25 INFO Initializing Spring DispatcherServlet 'dispatcherServlet'
2019-07-29 15:59:25 INFO Initializing Servlet 'dispatcherServlet'
2019-07-29 15:59:25 INFO Completed initialization in 4 ms
2019-07-29 15:59:25 INFO [*] START  - [com.ssafy.rest.ArticleRestController] [USER: anonymousUser] / [METHOD : GET] selectAllArticles
2019-07-29 15:59:25 INFO HikariPool-1 - Starting...
2019-07-29 15:59:25 INFO HikariPool-1 - Start completed.
2019-07-29 15:59:25 INFO [*] FINISH - [com.ssafy.rest.ArticleRestController] [USER: anonymousUser] / [METHOD : GET] selectAllArticles [532ms] 
2019-07-29 15:59:29 INFO [*] START  - [com.ssafy.rest.CommentRestController] [USER: anonymousUser] / [METHOD : GET] selectAllCommentsByArticleNo
2019-07-29 15:59:29 INFO [*] START  - [com.ssafy.rest.ArticleRestController] [USER: anonymousUser] / [METHOD : GET] selectArticleByArticleNo
2019-07-29 15:59:29 INFO [*] FINISH - [com.ssafy.rest.CommentRestController] [USER: anonymousUser] / [METHOD : GET] selectAllCommentsByArticleNo [8ms] 
2019-07-29 15:59:29 INFO [*] FINISH - [com.ssafy.rest.ArticleRestController] [USER: anonymousUser] / [METHOD : GET] selectArticleByArticleNo [17ms] 
2019-07-29 16:01:29 INFO [*] START  - [com.ssafy.rest.ArticleRestController] [USER: anonymousUser] / [METHOD : GET] selectArticleByArticleNo
2019-07-29 16:01:29 INFO [*] START  - [com.ssafy.rest.CommentRestController] [USER: anonymousUser] / [METHOD : GET] selectAllCommentsByArticleNo
2019-07-29 16:01:29 INFO [*] FINISH - [com.ssafy.rest.CommentRestController] [USER: anonymousUser] / [METHOD : GET] selectAllCommentsByArticleNo [2ms] 
2019-07-29 16:01:29 INFO [*] FINISH - [com.ssafy.rest.ArticleRestController] [USER: anonymousUser] / [METHOD : GET] selectArticleByArticleNo [16ms] 
2019-07-29 16:02:26 INFO [*] START  - [com.ssafy.rest.CommentRestController] [USER: anonymousUser] / [METHOD : GET] selectAllCommentsByArticleNo
2019-07-29 16:02:26 INFO [*] FINISH - [com.ssafy.rest.CommentRestController] [USER: anonymousUser] / [METHOD : GET] selectAllCommentsByArticleNo [3ms] 
2019-07-29 16:03:51 INFO Application shutdown requested.
2019-07-29 16:03:51 INFO Shutting down ExecutorService 'applicationTaskExecutor'
2019-07-29 16:03:51 INFO HikariPool-1 - Shutdown initiated...
2019-07-29 16:03:51 INFO HikariPool-1 - Shutdown completed.
