2019-08-08 14:57:38 INFO Starting WebmobileSub2Application v0.0.1-SNAPSHOT on DESKTOP-KVCQHCD with PID 2024 (C:\Users\multicampus\Documents\Workspace_ssafy2\webmobile-final\backend\target\webmobile-final-0.0.1-SNAPSHOT.jar started by multicampus in C:\Users\multicampus\Documents\Workspace_ssafy2\webmobile-final\backend\target)
2019-08-08 14:57:38 INFO No active profile set, falling back to default profiles: default
2019-08-08 14:57:38 WARN No MyBatis mapper was found in '[com.ssafy]' package. Please check your configuration.
2019-08-08 14:57:38 INFO Bootstrapping Spring Data repositories in DEFAULT mode.
2019-08-08 14:57:38 INFO Finished Spring Data repository scanning in 55ms. Found 4 repository interfaces.
2019-08-08 14:57:38 INFO Bean 'org.springframework.transaction.annotation.ProxyTransactionManagementConfiguration' of type [org.springframework.transaction.annotation.ProxyTransactionManagementConfiguration$$EnhancerBySpringCGLIB$$e50df27a] is not eligible for getting processed by all BeanPostProcessors (for example: not eligible for auto-proxying)
2019-08-08 14:57:39 INFO Tomcat initialized with port(s): 9090 (https)
2019-08-08 14:57:39 INFO Initializing ProtocolHandler ["https-jsse-nio-9090"]
2019-08-08 14:57:39 INFO Starting service [Tomcat]
2019-08-08 14:57:39 INFO Starting Servlet engine: [Apache Tomcat/9.0.21]
2019-08-08 14:57:39 INFO Initializing Spring embedded WebApplicationContext
2019-08-08 14:57:39 INFO Root WebApplicationContext: initialization completed in 1685 ms
2019-08-08 14:57:39 INFO HikariPool-1 - Starting...
2019-08-08 14:57:40 INFO HikariPool-1 - Start completed.
2019-08-08 14:57:40 INFO HHH000204: Processing PersistenceUnitInfo [
	name: default
	...]
2019-08-08 14:57:40 INFO HHH000412: Hibernate Core {5.3.10.Final}
2019-08-08 14:57:40 INFO HHH000206: hibernate.properties not found
2019-08-08 14:57:40 INFO HCANN000001: Hibernate Commons Annotations {5.0.4.Final}
2019-08-08 14:57:40 INFO HHH000400: Using dialect: org.hibernate.dialect.MySQL57InnoDBDialect
2019-08-08 14:57:41 INFO Initialized JPA EntityManagerFactory for persistence unit 'default'
2019-08-08 14:57:41 INFO Initializing ExecutorService 'applicationTaskExecutor'
2019-08-08 14:57:41 WARN spring.jpa.open-in-view is enabled by default. Therefore, database queries may be performed during view rendering. Explicitly configure spring.jpa.open-in-view to disable this warning
2019-08-08 14:57:42 INFO Adding welcome page: class path resource [static/index.html]
2019-08-08 14:57:42 INFO Starting ProtocolHandler ["https-jsse-nio-9090"]
2019-08-08 14:57:42 INFO Tomcat started on port(s): 9090 (https) with context path '/api/bears'
2019-08-08 14:57:42 INFO Started WebmobileSub2Application in 4.839 seconds (JVM running for 5.467)
2019-08-08 14:58:03 INFO Initializing Spring DispatcherServlet 'dispatcherServlet'
2019-08-08 14:59:56 INFO Initializing Servlet 'dispatcherServlet'
2019-08-08 14:59:56 INFO Completed initialization in 9 ms
2019-08-08 14:59:56 INFO [#] [START] - [ACCOUNT : ********* ANONYMOUS ********] / [LOCATION : com.ssafy.api.PostRestController | [METHOD (GET) : findAll()]
2019-08-08 14:59:56 INFO [#] [START] - [ACCOUNT : test@naver.com | AUTH : 3] / [LOCATION : com.ssafy.api.PortfolioRestController | [METHOD (GET) : findAllPortfolios()]
2019-08-08 14:59:56 INFO [#] [START] - [ACCOUNT : test@naver.com | AUTH : 3] / [LOCATION : com.ssafy.api.PortfolioRestController | [METHOD (GET) : findAllPortfolios()]
2019-08-08 14:59:56 INFO [#] [START] - [ACCOUNT : test@naver.com | AUTH : 3] / [LOCATION : com.ssafy.api.PortfolioRestController | [METHOD (GET) : findAllPortfolios()]
2019-08-08 14:59:56 INFO HHH000397: Using ASTQueryTranslatorFactory
2019-08-08 14:59:56 INFO [#] [ END ] - [ACCOUNT : ********* ANONYMOUS ********] / [LOCATION : com.ssafy.api.PostRestController | [METHOD (GET) : findAll()]
2019-08-08 14:59:56 INFO [#] [ END ] - [ACCOUNT : test@naver.com | AUTH : 3] / [LOCATION : com.ssafy.api.PortfolioRestController | [METHOD (GET) : findAllPortfolios()]
2019-08-08 14:59:56 INFO [#] [ END ] - [ACCOUNT : test@naver.com | AUTH : 3] / [LOCATION : com.ssafy.api.PortfolioRestController | [METHOD (GET) : findAllPortfolios()]
2019-08-08 14:59:56 INFO [#] [ END ] - [ACCOUNT : test@naver.com | AUTH : 3] / [LOCATION : com.ssafy.api.PortfolioRestController | [METHOD (GET) : findAllPortfolios()]
2019-08-08 14:59:56 INFO [#] [START] - [ACCOUNT : test@naver.com | AUTH : 3] / [LOCATION : com.ssafy.api.PortfolioRestController | [METHOD (GET) : findAllPortfolios()]
2019-08-08 14:59:56 INFO [#] [ END ] - [ACCOUNT : test@naver.com | AUTH : 3] / [LOCATION : com.ssafy.api.PortfolioRestController | [METHOD (GET) : findAllPortfolios()]
2019-08-08 14:59:56 INFO [#] [START] - [ACCOUNT : test@naver.com | AUTH : 3] / [LOCATION : com.ssafy.api.PortfolioRestController | [METHOD (GET) : findAllPortfolios()]
2019-08-08 14:59:56 INFO [#] [ END ] - [ACCOUNT : test@naver.com | AUTH : 3] / [LOCATION : com.ssafy.api.PortfolioRestController | [METHOD (GET) : findAllPortfolios()]
2019-08-08 14:59:56 INFO [#] [START] - [ACCOUNT : test@naver.com | AUTH : 3] / [LOCATION : com.ssafy.api.PortfolioRestController | [METHOD (GET) : findAllPortfolios()]
2019-08-08 14:59:56 INFO [#] [ END ] - [ACCOUNT : test@naver.com | AUTH : 3] / [LOCATION : com.ssafy.api.PortfolioRestController | [METHOD (GET) : findAllPortfolios()]
2019-08-08 14:59:56 INFO [#] [START] - [ACCOUNT : test@naver.com | AUTH : 3] / [LOCATION : com.ssafy.api.PortfolioRestController | [METHOD (GET) : findAllPortfolios()]
2019-08-08 14:59:56 INFO [#] [ END ] - [ACCOUNT : test@naver.com | AUTH : 3] / [LOCATION : com.ssafy.api.PortfolioRestController | [METHOD (GET) : findAllPortfolios()]
2019-08-08 14:59:56 INFO [#] [START] - [ACCOUNT : test@naver.com | AUTH : 3] / [LOCATION : com.ssafy.api.PortfolioRestController | [METHOD (GET) : findAllPortfolios()]
2019-08-08 14:59:56 INFO [#] [ END ] - [ACCOUNT : test@naver.com | AUTH : 3] / [LOCATION : com.ssafy.api.PortfolioRestController | [METHOD (GET) : findAllPortfolios()]
2019-08-08 14:59:56 INFO [#] [START] - [ACCOUNT : test@naver.com | AUTH : 3] / [LOCATION : com.ssafy.api.PortfolioRestController | [METHOD (GET) : findAllPortfolios()]
2019-08-08 14:59:56 INFO [#] [ END ] - [ACCOUNT : test@naver.com | AUTH : 3] / [LOCATION : com.ssafy.api.PortfolioRestController | [METHOD (GET) : findAllPortfolios()]
2019-08-08 14:59:56 INFO [#] [START] - [ACCOUNT : test@naver.com | AUTH : 3] / [LOCATION : com.ssafy.api.PortfolioRestController | [METHOD (GET) : findAllPortfolios()]
2019-08-08 14:59:56 INFO [#] [ END ] - [ACCOUNT : test@naver.com | AUTH : 3] / [LOCATION : com.ssafy.api.PortfolioRestController | [METHOD (GET) : findAllPortfolios()]
2019-08-08 14:59:56 INFO [#] [START] - [ACCOUNT : test@naver.com | AUTH : 3] / [LOCATION : com.ssafy.api.PortfolioRestController | [METHOD (GET) : findAllPortfolios()]
2019-08-08 14:59:56 INFO [#] [ END ] - [ACCOUNT : test@naver.com | AUTH : 3] / [LOCATION : com.ssafy.api.PortfolioRestController | [METHOD (GET) : findAllPortfolios()]
2019-08-08 14:59:56 INFO [#] [START] - [ACCOUNT : test@naver.com | AUTH : 3] / [LOCATION : com.ssafy.api.PortfolioRestController | [METHOD (GET) : findAllPortfolios()]
2019-08-08 14:59:56 INFO [#] [ END ] - [ACCOUNT : test@naver.com | AUTH : 3] / [LOCATION : com.ssafy.api.PortfolioRestController | [METHOD (GET) : findAllPortfolios()]
2019-08-08 14:59:56 INFO [#] [START] - [ACCOUNT : test@naver.com | AUTH : 3] / [LOCATION : com.ssafy.api.PortfolioRestController | [METHOD (GET) : findAllPortfolios()]
2019-08-08 14:59:56 INFO [#] [ END ] - [ACCOUNT : test@naver.com | AUTH : 3] / [LOCATION : com.ssafy.api.PortfolioRestController | [METHOD (GET) : findAllPortfolios()]
2019-08-08 14:59:56 INFO [#] [START] - [ACCOUNT : test@naver.com | AUTH : 3] / [LOCATION : com.ssafy.api.PortfolioRestController | [METHOD (GET) : findAllPortfolios()]
2019-08-08 14:59:56 INFO [#] [ END ] - [ACCOUNT : test@naver.com | AUTH : 3] / [LOCATION : com.ssafy.api.PortfolioRestController | [METHOD (GET) : findAllPortfolios()]
2019-08-08 15:00:07 INFO [#] [START] - [ACCOUNT : test@naver.com | AUTH : 3] / [LOCATION : com.ssafy.api.PortfolioRestController | [METHOD (GET) : findAllPortfolios()]
2019-08-08 15:00:07 INFO [#] [ END ] - [ACCOUNT : test@naver.com | AUTH : 3] / [LOCATION : com.ssafy.api.PortfolioRestController | [METHOD (GET) : findAllPortfolios()]
2019-08-08 15:00:14 INFO [#] [START] - [ACCOUNT : test@naver.com | AUTH : 3] / [LOCATION : com.ssafy.api.PortfolioRestController | [METHOD (GET) : findPortfolioByPortfolioId()]
2019-08-08 15:00:14 INFO [#] [ END ] - [ACCOUNT : test@naver.com | AUTH : 3] / [LOCATION : com.ssafy.api.PortfolioRestController | [METHOD (GET) : findPortfolioByPortfolioId()]
2019-08-08 15:00:17 INFO [#] [START] - [ACCOUNT : test@naver.com | AUTH : 3] / [LOCATION : com.ssafy.api.PortfolioRestController | [METHOD (GET) : findAllPortfolios()]
2019-08-08 15:00:17 INFO [#] [ END ] - [ACCOUNT : test@naver.com | AUTH : 3] / [LOCATION : com.ssafy.api.PortfolioRestController | [METHOD (GET) : findAllPortfolios()]
2019-08-08 15:00:17 INFO [#] [START] - [ACCOUNT : test@naver.com | AUTH : 3] / [LOCATION : com.ssafy.api.PortfolioRestController | [METHOD (GET) : findPortfolioByPortfolioId()]
2019-08-08 15:00:17 INFO [#] [ END ] - [ACCOUNT : test@naver.com | AUTH : 3] / [LOCATION : com.ssafy.api.PortfolioRestController | [METHOD (GET) : findPortfolioByPortfolioId()]
2019-08-08 15:00:19 INFO [#] [START] - [ACCOUNT : test@naver.com | AUTH : 3] / [LOCATION : com.ssafy.api.PortfolioRestController | [METHOD (GET) : findAllPortfolios()]
2019-08-08 15:00:19 INFO [#] [ END ] - [ACCOUNT : test@naver.com | AUTH : 3] / [LOCATION : com.ssafy.api.PortfolioRestController | [METHOD (GET) : findAllPortfolios()]
2019-08-08 15:00:31 INFO [#] [START] - [ACCOUNT : ********* ANONYMOUS ********] / [LOCATION : com.ssafy.api.PortfolioRestController | [METHOD (GET) : findAllPortfolios()]
2019-08-08 15:00:31 INFO [#] [ END ] - [ACCOUNT : ********* ANONYMOUS ********] / [LOCATION : com.ssafy.api.PortfolioRestController | [METHOD (GET) : findAllPortfolios()]
2019-08-08 15:00:56 INFO [#] [START] - [ACCOUNT : ********* ANONYMOUS ********] / [LOCATION : com.ssafy.api.PortfolioRestController | [METHOD (GET) : findAllPortfolios()]
2019-08-08 15:00:56 INFO [#] [ END ] - [ACCOUNT : ********* ANONYMOUS ********] / [LOCATION : com.ssafy.api.PortfolioRestController | [METHOD (GET) : findAllPortfolios()]
2019-08-08 15:01:14 INFO [#] [START] - [ACCOUNT : ksj0206@uos.ac.kr | AUTH : 1] / [LOCATION : com.ssafy.api.PortfolioRestController | [METHOD (GET) : findPortfolioByPortfolioId()]
2019-08-08 15:01:14 INFO [#] [ END ] - [ACCOUNT : ksj0206@uos.ac.kr | AUTH : 1] / [LOCATION : com.ssafy.api.PortfolioRestController | [METHOD (GET) : findPortfolioByPortfolioId()]
2019-08-08 15:01:20 INFO [#] [START] - [ACCOUNT : ksj0206@uos.ac.kr | AUTH : 1] / [LOCATION : com.ssafy.api.PortfolioRestController | [METHOD (GET) : findAllPortfolios()]
2019-08-08 15:01:20 INFO [#] [ END ] - [ACCOUNT : ksj0206@uos.ac.kr | AUTH : 1] / [LOCATION : com.ssafy.api.PortfolioRestController | [METHOD (GET) : findAllPortfolios()]
2019-08-08 15:02:06 INFO [#] [START] - [ACCOUNT : ********* ANONYMOUS ********] / [LOCATION : com.ssafy.api.PortfolioRestController | [METHOD (GET) : findAll()]
2019-08-08 15:02:06 INFO [#] [ END ] - [ACCOUNT : ********* ANONYMOUS ********] / [LOCATION : com.ssafy.api.PortfolioRestController | [METHOD (GET) : findAll()]
2019-08-08 15:02:12 INFO [#] [START] - [ACCOUNT : ********* ANONYMOUS ********] / [LOCATION : com.ssafy.api.PortfolioRestController | [METHOD (GET) : findAllPortfolios()]
2019-08-08 15:02:12 INFO [#] [ END ] - [ACCOUNT : ********* ANONYMOUS ********] / [LOCATION : com.ssafy.api.PortfolioRestController | [METHOD (GET) : findAllPortfolios()]
2019-08-08 15:02:23 INFO [#] [START] - [ACCOUNT : ********* ANONYMOUS ********] / [LOCATION : com.ssafy.api.PortfolioRestController | [METHOD (GET) : findAllPortfolios()]
2019-08-08 15:02:23 INFO [#] [ END ] - [ACCOUNT : ********* ANONYMOUS ********] / [LOCATION : com.ssafy.api.PortfolioRestController | [METHOD (GET) : findAllPortfolios()]
2019-08-08 15:02:24 INFO [#] [START] - [ACCOUNT : ********* ANONYMOUS ********] / [LOCATION : com.ssafy.api.PortfolioRestController | [METHOD (GET) : findAllPortfolios()]
2019-08-08 15:02:24 INFO [#] [ END ] - [ACCOUNT : ********* ANONYMOUS ********] / [LOCATION : com.ssafy.api.PortfolioRestController | [METHOD (GET) : findAllPortfolios()]
2019-08-08 15:02:43 INFO [#] [START] - [ACCOUNT : ********* ANONYMOUS ********] / [LOCATION : com.ssafy.api.PortfolioRestController | [METHOD (GET) : findAllPortfolios()]
2019-08-08 15:02:43 INFO [#] [ END ] - [ACCOUNT : ********* ANONYMOUS ********] / [LOCATION : com.ssafy.api.PortfolioRestController | [METHOD (GET) : findAllPortfolios()]
2019-08-08 15:03:50 INFO [#] [START] - [ACCOUNT : ********* ANONYMOUS ********] / [LOCATION : com.ssafy.api.PortfolioRestController | [METHOD (GET) : findAllPortfolios()]
2019-08-08 15:15:38 INFO [#] [START] - [ACCOUNT : ********* ANONYMOUS ********] / [LOCATION : com.ssafy.api.PortfolioRestController | [METHOD (GET) : findAllPortfolios()]
2019-08-08 15:15:28 INFO [#] [START] - [ACCOUNT : test@naver.com | AUTH : 3] / [LOCATION : com.ssafy.api.PortfolioRestController | [METHOD (GET) : findAllPortfolios()]
2019-08-08 15:14:30 INFO [#] [START] - [ACCOUNT : test@naver.com | AUTH : 3] / [LOCATION : com.ssafy.api.PortfolioRestController | [METHOD (GET) : findAllPortfolios()]
2019-08-08 15:14:30 INFO [#] [START] - [ACCOUNT : test@naver.com | AUTH : 3] / [LOCATION : com.ssafy.api.PortfolioRestController | [METHOD (GET) : findAllPortfolios()]
2019-08-08 15:14:15 INFO [#] [START] - [ACCOUNT : test@naver.com | AUTH : 3] / [LOCATION : com.ssafy.api.PortfolioRestController | [METHOD (GET) : findAllPortfolios()]
2019-08-08 15:14:10 INFO [#] [START] - [ACCOUNT : ********* ANONYMOUS ********] / [LOCATION : com.ssafy.api.PortfolioRestController | [METHOD (GET) : findAllPortfolios()]
2019-08-08 15:11:55 INFO [#] [START] - [ACCOUNT : test@naver.com | AUTH : 3] / [LOCATION : com.ssafy.api.PortfolioRestController | [METHOD (GET) : findAllPortfolios()]
2019-08-08 15:11:30 INFO [#] [START] - [ACCOUNT : test@naver.com | AUTH : 3] / [LOCATION : com.ssafy.api.PortfolioRestController | [METHOD (GET) : findAllPortfolios()]
2019-08-08 15:07:20 INFO [#] [START] - [ACCOUNT : test@naver.com | AUTH : 3] / [LOCATION : com.ssafy.api.PortfolioRestController | [METHOD (GET) : findAllPortfolios()]
2019-08-08 15:07:20 INFO [#] [START] - [ACCOUNT : test@naver.com | AUTH : 3] / [LOCATION : com.ssafy.api.PortfolioRestController | [METHOD (GET) : findAllPortfolios()]
2019-08-08 15:07:02 INFO [#] [START] - [ACCOUNT : test@naver.com | AUTH : 3] / [LOCATION : com.ssafy.api.PortfolioRestController | [METHOD (GET) : findAllPortfolios()]
2019-08-08 15:06:55 INFO [#] [START] - [ACCOUNT : test@naver.com | AUTH : 3] / [LOCATION : com.ssafy.api.PortfolioRestController | [METHOD (GET) : findAllPortfolios()]
2019-08-08 15:06:49 INFO [#] [START] - [ACCOUNT : test@naver.com | AUTH : 3] / [LOCATION : com.ssafy.api.PortfolioRestController | [METHOD (GET) : findAllPortfolios()]
2019-08-08 15:06:39 INFO [#] [START] - [ACCOUNT : test@naver.com | AUTH : 3] / [LOCATION : com.ssafy.api.PortfolioRestController | [METHOD (GET) : findAllPortfolios()]
2019-08-08 15:06:34 INFO [#] [START] - [ACCOUNT : ********* ANONYMOUS ********] / [LOCATION : com.ssafy.api.PostRestController | [METHOD (GET) : findAll()]
2019-08-08 15:05:46 INFO [#] [START] - [ACCOUNT : ********* ANONYMOUS ********] / [LOCATION : com.ssafy.api.PortfolioRestController | [METHOD (GET) : findAllPortfolios()]
2019-08-08 15:05:24 INFO [#] [START] - [ACCOUNT : ksj0206@uos.ac.kr | AUTH : 1] / [LOCATION : com.ssafy.api.PostRestController | [METHOD (GET) : findAll()]
2019-08-08 15:05:07 INFO [#] [START] - [ACCOUNT : ********* ANONYMOUS ********] / [LOCATION : com.ssafy.api.PostRestController | [METHOD (GET) : findAll()]
2019-08-08 15:04:53 INFO [#] [START] - [ACCOUNT : ********* ANONYMOUS ********] / [LOCATION : com.ssafy.api.PostRestController | [METHOD (GET) : findAll()]
2019-08-08 15:04:52 INFO [#] [START] - [ACCOUNT : test@naver.com | AUTH : 3] / [LOCATION : com.ssafy.api.PortfolioRestController | [METHOD (GET) : findAllPortfolios()]
2019-08-08 15:04:00 INFO [#] [START] - [ACCOUNT : jae637@naver.com | AUTH : 3] / [LOCATION : com.ssafy.api.PortfolioRestController | [METHOD (GET) : findAllPortfolios()]
2019-08-08 15:15:42 INFO [#] [ END ] - [ACCOUNT : ********* ANONYMOUS ********] / [LOCATION : com.ssafy.api.PortfolioRestController | [METHOD (GET) : findAllPortfolios()]
2019-08-08 15:15:42 INFO [#] [ END ] - [ACCOUNT : test@naver.com | AUTH : 3] / [LOCATION : com.ssafy.api.PortfolioRestController | [METHOD (GET) : findAllPortfolios()]
2019-08-08 15:15:42 INFO [#] [ END ] - [ACCOUNT : test@naver.com | AUTH : 3] / [LOCATION : com.ssafy.api.PortfolioRestController | [METHOD (GET) : findAllPortfolios()]
2019-08-08 15:15:42 INFO [#] [ END ] - [ACCOUNT : ********* ANONYMOUS ********] / [LOCATION : com.ssafy.api.PortfolioRestController | [METHOD (GET) : findAllPortfolios()]
2019-08-08 15:15:42 INFO [#] [ END ] - [ACCOUNT : test@naver.com | AUTH : 3] / [LOCATION : com.ssafy.api.PortfolioRestController | [METHOD (GET) : findAllPortfolios()]
2019-08-08 15:15:42 INFO [#] [ END ] - [ACCOUNT : ********* ANONYMOUS ********] / [LOCATION : com.ssafy.api.PortfolioRestController | [METHOD (GET) : findAllPortfolios()]
2019-08-08 15:15:42 INFO [#] [ END ] - [ACCOUNT : test@naver.com | AUTH : 3] / [LOCATION : com.ssafy.api.PortfolioRestController | [METHOD (GET) : findAllPortfolios()]
2019-08-08 15:15:42 INFO [#] [ END ] - [ACCOUNT : test@naver.com | AUTH : 3] / [LOCATION : com.ssafy.api.PortfolioRestController | [METHOD (GET) : findAllPortfolios()]
2019-08-08 15:15:42 INFO [#] [ END ] - [ACCOUNT : test@naver.com | AUTH : 3] / [LOCATION : com.ssafy.api.PortfolioRestController | [METHOD (GET) : findAllPortfolios()]
2019-08-08 15:12:40 INFO [#] [START] - [ACCOUNT : test@naver.com | AUTH : 3] / [LOCATION : com.ssafy.api.PortfolioRestController | [METHOD (GET) : findAllPortfolios()]
2019-08-08 15:15:42 INFO [#] [ END ] - [ACCOUNT : test@naver.com | AUTH : 3] / [LOCATION : com.ssafy.api.PortfolioRestController | [METHOD (GET) : findAllPortfolios()]
2019-08-08 15:11:23 INFO [#] [START] - [ACCOUNT : test@naver.com | AUTH : 3] / [LOCATION : com.ssafy.api.PortfolioRestController | [METHOD (GET) : findAllPortfolios()]
2019-08-08 15:15:42 INFO [#] [ END ] - [ACCOUNT : ********* ANONYMOUS ********] / [LOCATION : com.ssafy.api.PostRestController | [METHOD (GET) : findAll()]
2019-08-08 15:15:42 INFO [#] [ END ] - [ACCOUNT : test@naver.com | AUTH : 3] / [LOCATION : com.ssafy.api.PortfolioRestController | [METHOD (GET) : findAllPortfolios()]
2019-08-08 15:15:42 INFO [#] [ END ] - [ACCOUNT : ksj0206@uos.ac.kr | AUTH : 1] / [LOCATION : com.ssafy.api.PostRestController | [METHOD (GET) : findAll()]
2019-08-08 15:15:42 INFO [#] [ END ] - [ACCOUNT : ********* ANONYMOUS ********] / [LOCATION : com.ssafy.api.PostRestController | [METHOD (GET) : findAll()]
2019-08-08 15:15:42 INFO [#] [ END ] - [ACCOUNT : test@naver.com | AUTH : 3] / [LOCATION : com.ssafy.api.PortfolioRestController | [METHOD (GET) : findAllPortfolios()]
2019-08-08 15:15:42 INFO [#] [ END ] - [ACCOUNT : test@naver.com | AUTH : 3] / [LOCATION : com.ssafy.api.PortfolioRestController | [METHOD (GET) : findAllPortfolios()]
2019-08-08 15:15:42 INFO [#] [ END ] - [ACCOUNT : ********* ANONYMOUS ********] / [LOCATION : com.ssafy.api.PostRestController | [METHOD (GET) : findAll()]
2019-08-08 15:15:42 INFO [#] [ END ] - [ACCOUNT : ********* ANONYMOUS ********] / [LOCATION : com.ssafy.api.PortfolioRestController | [METHOD (GET) : findAllPortfolios()]
2019-08-08 15:15:42 INFO [#] [ END ] - [ACCOUNT : test@naver.com | AUTH : 3] / [LOCATION : com.ssafy.api.PortfolioRestController | [METHOD (GET) : findAllPortfolios()]
2019-08-08 15:15:42 INFO [#] [ END ] - [ACCOUNT : test@naver.com | AUTH : 3] / [LOCATION : com.ssafy.api.PortfolioRestController | [METHOD (GET) : findAllPortfolios()]
2019-08-08 15:15:42 INFO [#] [ END ] - [ACCOUNT : test@naver.com | AUTH : 3] / [LOCATION : com.ssafy.api.PortfolioRestController | [METHOD (GET) : findAllPortfolios()]
2019-08-08 15:15:42 INFO [#] [ END ] - [ACCOUNT : jae637@naver.com | AUTH : 3] / [LOCATION : com.ssafy.api.PortfolioRestController | [METHOD (GET) : findAllPortfolios()]
2019-08-08 15:15:42 INFO [#] [ END ] - [ACCOUNT : test@naver.com | AUTH : 3] / [LOCATION : com.ssafy.api.PortfolioRestController | [METHOD (GET) : findAllPortfolios()]
2019-08-08 15:15:42 INFO [#] [ END ] - [ACCOUNT : test@naver.com | AUTH : 3] / [LOCATION : com.ssafy.api.PortfolioRestController | [METHOD (GET) : findAllPortfolios()]
2019-08-08 15:15:48 INFO [#] [START] - [ACCOUNT : ********* ANONYMOUS ********] / [LOCATION : com.ssafy.api.PortfolioRestController | [METHOD (GET) : findAllPortfolios()]
2019-08-08 15:15:48 INFO [#] [ END ] - [ACCOUNT : ********* ANONYMOUS ********] / [LOCATION : com.ssafy.api.PortfolioRestController | [METHOD (GET) : findAllPortfolios()]
2019-08-08 15:15:52 INFO [#] [START] - [ACCOUNT : test@naver.com | AUTH : 3] / [LOCATION : com.ssafy.api.PortfolioRestController | [METHOD (GET) : findAllPortfolios()]
2019-08-08 15:15:52 INFO [#] [ END ] - [ACCOUNT : test@naver.com | AUTH : 3] / [LOCATION : com.ssafy.api.PortfolioRestController | [METHOD (GET) : findAllPortfolios()]
2019-08-08 15:15:53 INFO [#] [START] - [ACCOUNT : ********* ANONYMOUS ********] / [LOCATION : com.ssafy.api.PostRestController | [METHOD (GET) : findAll()]
2019-08-08 15:15:53 INFO [#] [ END ] - [ACCOUNT : ********* ANONYMOUS ********] / [LOCATION : com.ssafy.api.PostRestController | [METHOD (GET) : findAll()]
2019-08-08 15:15:54 INFO [#] [START] - [ACCOUNT : test@naver.com | AUTH : 3] / [LOCATION : com.ssafy.api.PortfolioRestController | [METHOD (GET) : findAllPortfolios()]
2019-08-08 15:15:54 INFO [#] [ END ] - [ACCOUNT : test@naver.com | AUTH : 3] / [LOCATION : com.ssafy.api.PortfolioRestController | [METHOD (GET) : findAllPortfolios()]
2019-08-08 15:15:58 INFO [#] [START] - [ACCOUNT : ********* ANONYMOUS ********] / [LOCATION : com.ssafy.api.PostRestController | [METHOD (GET) : findAll()]
2019-08-08 15:15:58 INFO [#] [ END ] - [ACCOUNT : ********* ANONYMOUS ********] / [LOCATION : com.ssafy.api.PostRestController | [METHOD (GET) : findAll()]
2019-08-08 15:15:59 INFO [#] [START] - [ACCOUNT : test@naver.com | AUTH : 3] / [LOCATION : com.ssafy.api.PortfolioRestController | [METHOD (GET) : findAllPortfolios()]
2019-08-08 15:15:59 INFO [#] [ END ] - [ACCOUNT : test@naver.com | AUTH : 3] / [LOCATION : com.ssafy.api.PortfolioRestController | [METHOD (GET) : findAllPortfolios()]
2019-08-08 15:16:14 INFO [#] [START] - [ACCOUNT : test@naver.com | AUTH : 3] / [LOCATION : com.ssafy.api.PortfolioRestController | [METHOD (GET) : findAllPortfolios()]
2019-08-08 15:16:14 INFO [#] [ END ] - [ACCOUNT : test@naver.com | AUTH : 3] / [LOCATION : com.ssafy.api.PortfolioRestController | [METHOD (GET) : findAllPortfolios()]
2019-08-08 15:16:45 INFO [#] [START] - [ACCOUNT : test@naver.com | AUTH : 3] / [LOCATION : com.ssafy.api.PortfolioRestController | [METHOD (GET) : findAllPortfolios()]
2019-08-08 15:16:45 INFO [#] [ END ] - [ACCOUNT : test@naver.com | AUTH : 3] / [LOCATION : com.ssafy.api.PortfolioRestController | [METHOD (GET) : findAllPortfolios()]
2019-08-08 15:16:52 INFO [#] [START] - [ACCOUNT : test@naver.com | AUTH : 3] / [LOCATION : com.ssafy.api.PortfolioRestController | [METHOD (GET) : findAllPortfolios()]
2019-08-08 15:16:52 INFO [#] [ END ] - [ACCOUNT : test@naver.com | AUTH : 3] / [LOCATION : com.ssafy.api.PortfolioRestController | [METHOD (GET) : findAllPortfolios()]
2019-08-08 15:16:55 INFO [#] [START] - [ACCOUNT : ********* ANONYMOUS ********] / [LOCATION : com.ssafy.api.PortfolioRestController | [METHOD (GET) : findAllPortfolios()]
2019-08-08 15:16:55 INFO [#] [ END ] - [ACCOUNT : ********* ANONYMOUS ********] / [LOCATION : com.ssafy.api.PortfolioRestController | [METHOD (GET) : findAllPortfolios()]
2019-08-08 15:17:13 INFO [#] [START] - [ACCOUNT : test@naver.com | AUTH : 3] / [LOCATION : com.ssafy.api.PortfolioRestController | [METHOD (GET) : findAllPortfolios()]
2019-08-08 15:17:13 INFO [#] [ END ] - [ACCOUNT : test@naver.com | AUTH : 3] / [LOCATION : com.ssafy.api.PortfolioRestController | [METHOD (GET) : findAllPortfolios()]
2019-08-08 15:17:23 INFO [#] [START] - [ACCOUNT : ********* ANONYMOUS ********] / [LOCATION : com.ssafy.api.PortfolioRestController | [METHOD (GET) : findAllPortfolios()]
2019-08-08 15:17:23 INFO [#] [ END ] - [ACCOUNT : ********* ANONYMOUS ********] / [LOCATION : com.ssafy.api.PortfolioRestController | [METHOD (GET) : findAllPortfolios()]
2019-08-08 15:17:27 INFO [#] [START] - [ACCOUNT : ********* ANONYMOUS ********] / [LOCATION : com.ssafy.api.PortfolioRestController | [METHOD (GET) : findAllPortfolios()]
2019-08-08 15:17:27 INFO [#] [ END ] - [ACCOUNT : ********* ANONYMOUS ********] / [LOCATION : com.ssafy.api.PortfolioRestController | [METHOD (GET) : findAllPortfolios()]
2019-08-08 15:17:27 INFO [#] [START] - [ACCOUNT : ********* ANONYMOUS ********] / [LOCATION : com.ssafy.api.PostRestController | [METHOD (GET) : findAll()]
2019-08-08 15:17:27 INFO [#] [ END ] - [ACCOUNT : ********* ANONYMOUS ********] / [LOCATION : com.ssafy.api.PostRestController | [METHOD (GET) : findAll()]
2019-08-08 15:17:29 INFO [#] [START] - [ACCOUNT : ********* ANONYMOUS ********] / [LOCATION : com.ssafy.api.PortfolioRestController | [METHOD (GET) : findAllPortfolios()]
2019-08-08 15:17:29 INFO [#] [ END ] - [ACCOUNT : ********* ANONYMOUS ********] / [LOCATION : com.ssafy.api.PortfolioRestController | [METHOD (GET) : findAllPortfolios()]
2019-08-08 15:17:30 INFO [#] [START] - [ACCOUNT : ********* ANONYMOUS ********] / [LOCATION : com.ssafy.api.PortfolioRestController | [METHOD (GET) : findAllPortfolios()]
2019-08-08 15:17:30 INFO [#] [ END ] - [ACCOUNT : ********* ANONYMOUS ********] / [LOCATION : com.ssafy.api.PortfolioRestController | [METHOD (GET) : findAllPortfolios()]
2019-08-08 15:17:31 INFO [#] [START] - [ACCOUNT : ********* ANONYMOUS ********] / [LOCATION : com.ssafy.api.PostRestController | [METHOD (GET) : findAll()]
2019-08-08 15:17:31 INFO [#] [ END ] - [ACCOUNT : ********* ANONYMOUS ********] / [LOCATION : com.ssafy.api.PostRestController | [METHOD (GET) : findAll()]
2019-08-08 15:17:31 INFO [#] [START] - [ACCOUNT : ********* ANONYMOUS ********] / [LOCATION : com.ssafy.api.PortfolioRestController | [METHOD (GET) : findAllPortfolios()]
2019-08-08 15:17:31 INFO [#] [ END ] - [ACCOUNT : ********* ANONYMOUS ********] / [LOCATION : com.ssafy.api.PortfolioRestController | [METHOD (GET) : findAllPortfolios()]
2019-08-08 15:17:35 INFO [#] [START] - [ACCOUNT : ********* ANONYMOUS ********] / [LOCATION : com.ssafy.api.PortfolioRestController | [METHOD (GET) : findAll()]
2019-08-08 15:17:35 INFO [#] [ END ] - [ACCOUNT : ********* ANONYMOUS ********] / [LOCATION : com.ssafy.api.PortfolioRestController | [METHOD (GET) : findAll()]
2019-08-08 15:17:38 INFO [#] [START] - [ACCOUNT : ********* ANONYMOUS ********] / [LOCATION : com.ssafy.api.PortfolioRestController | [METHOD (GET) : findAll()]
2019-08-08 15:17:38 INFO [#] [ END ] - [ACCOUNT : ********* ANONYMOUS ********] / [LOCATION : com.ssafy.api.PortfolioRestController | [METHOD (GET) : findAll()]
2019-08-08 15:18:12 INFO [#] [START] - [ACCOUNT : ********* ANONYMOUS ********] / [LOCATION : com.ssafy.api.PortfolioRestController | [METHOD (GET) : findAllPortfolios()]
2019-08-08 15:18:12 INFO [#] [ END ] - [ACCOUNT : ********* ANONYMOUS ********] / [LOCATION : com.ssafy.api.PortfolioRestController | [METHOD (GET) : findAllPortfolios()]
2019-08-08 15:19:04 INFO [#] [START] - [ACCOUNT : test@naver.com | AUTH : 3] / [LOCATION : com.ssafy.api.PortfolioRestController | [METHOD (GET) : findAllPortfolios()]
2019-08-08 15:19:04 INFO [#] [ END ] - [ACCOUNT : test@naver.com | AUTH : 3] / [LOCATION : com.ssafy.api.PortfolioRestController | [METHOD (GET) : findAllPortfolios()]
2019-08-08 15:19:05 INFO [#] [START] - [ACCOUNT : ********* ANONYMOUS ********] / [LOCATION : com.ssafy.api.PostRestController | [METHOD (GET) : findAll()]
2019-08-08 15:19:05 INFO [#] [ END ] - [ACCOUNT : ********* ANONYMOUS ********] / [LOCATION : com.ssafy.api.PostRestController | [METHOD (GET) : findAll()]
2019-08-08 15:19:06 INFO [#] [START] - [ACCOUNT : test@naver.com | AUTH : 3] / [LOCATION : com.ssafy.api.PortfolioRestController | [METHOD (GET) : findAllPortfolios()]
2019-08-08 15:19:06 INFO [#] [ END ] - [ACCOUNT : test@naver.com | AUTH : 3] / [LOCATION : com.ssafy.api.PortfolioRestController | [METHOD (GET) : findAllPortfolios()]
2019-08-08 15:19:06 INFO [#] [START] - [ACCOUNT : ********* ANONYMOUS ********] / [LOCATION : com.ssafy.api.PostRestController | [METHOD (GET) : findAll()]
2019-08-08 15:19:06 INFO [#] [ END ] - [ACCOUNT : ********* ANONYMOUS ********] / [LOCATION : com.ssafy.api.PostRestController | [METHOD (GET) : findAll()]
2019-08-08 15:19:07 INFO [#] [START] - [ACCOUNT : ********* ANONYMOUS ********] / [LOCATION : com.ssafy.api.PostRestController | [METHOD (GET) : findAll()]
2019-08-08 15:19:07 INFO [#] [ END ] - [ACCOUNT : ********* ANONYMOUS ********] / [LOCATION : com.ssafy.api.PostRestController | [METHOD (GET) : findAll()]
2019-08-08 15:19:07 INFO [#] [START] - [ACCOUNT : test@naver.com | AUTH : 3] / [LOCATION : com.ssafy.api.PortfolioRestController | [METHOD (GET) : findAllPortfolios()]
2019-08-08 15:19:07 INFO [#] [ END ] - [ACCOUNT : test@naver.com | AUTH : 3] / [LOCATION : com.ssafy.api.PortfolioRestController | [METHOD (GET) : findAllPortfolios()]
2019-08-08 15:19:08 INFO [#] [START] - [ACCOUNT : test@naver.com | AUTH : 3] / [LOCATION : com.ssafy.api.PortfolioRestController | [METHOD (GET) : findAllPortfolios()]
2019-08-08 15:19:08 INFO [#] [ END ] - [ACCOUNT : test@naver.com | AUTH : 3] / [LOCATION : com.ssafy.api.PortfolioRestController | [METHOD (GET) : findAllPortfolios()]
2019-08-08 15:19:09 INFO [#] [START] - [ACCOUNT : ********* ANONYMOUS ********] / [LOCATION : com.ssafy.api.PostRestController | [METHOD (GET) : findAll()]
2019-08-08 15:19:09 INFO [#] [ END ] - [ACCOUNT : ********* ANONYMOUS ********] / [LOCATION : com.ssafy.api.PostRestController | [METHOD (GET) : findAll()]
2019-08-08 15:19:10 INFO [#] [START] - [ACCOUNT : test@naver.com | AUTH : 3] / [LOCATION : com.ssafy.api.PortfolioRestController | [METHOD (GET) : findAllPortfolios()]
2019-08-08 15:19:10 INFO [#] [ END ] - [ACCOUNT : test@naver.com | AUTH : 3] / [LOCATION : com.ssafy.api.PortfolioRestController | [METHOD (GET) : findAllPortfolios()]
2019-08-08 15:19:11 INFO [#] [START] - [ACCOUNT : ********* ANONYMOUS ********] / [LOCATION : com.ssafy.api.PostRestController | [METHOD (GET) : findAll()]
2019-08-08 15:19:11 INFO [#] [ END ] - [ACCOUNT : ********* ANONYMOUS ********] / [LOCATION : com.ssafy.api.PostRestController | [METHOD (GET) : findAll()]
2019-08-08 15:19:11 INFO [#] [START] - [ACCOUNT : test@naver.com | AUTH : 3] / [LOCATION : com.ssafy.api.PortfolioRestController | [METHOD (GET) : findAllPortfolios()]
2019-08-08 15:19:11 INFO [#] [ END ] - [ACCOUNT : test@naver.com | AUTH : 3] / [LOCATION : com.ssafy.api.PortfolioRestController | [METHOD (GET) : findAllPortfolios()]
2019-08-08 15:19:12 INFO [#] [START] - [ACCOUNT : ********* ANONYMOUS ********] / [LOCATION : com.ssafy.api.PostRestController | [METHOD (GET) : findAll()]
2019-08-08 15:19:12 INFO [#] [ END ] - [ACCOUNT : ********* ANONYMOUS ********] / [LOCATION : com.ssafy.api.PostRestController | [METHOD (GET) : findAll()]
2019-08-08 15:19:12 INFO [#] [START] - [ACCOUNT : test@naver.com | AUTH : 3] / [LOCATION : com.ssafy.api.PortfolioRestController | [METHOD (GET) : findAllPortfolios()]
2019-08-08 15:19:12 INFO [#] [ END ] - [ACCOUNT : test@naver.com | AUTH : 3] / [LOCATION : com.ssafy.api.PortfolioRestController | [METHOD (GET) : findAllPortfolios()]
2019-08-08 15:19:13 INFO [#] [START] - [ACCOUNT : ********* ANONYMOUS ********] / [LOCATION : com.ssafy.api.PortfolioRestController | [METHOD (GET) : findAll()]
2019-08-08 15:19:13 INFO [#] [ END ] - [ACCOUNT : ********* ANONYMOUS ********] / [LOCATION : com.ssafy.api.PortfolioRestController | [METHOD (GET) : findAll()]
2019-08-08 15:19:15 INFO [#] [START] - [ACCOUNT : test@naver.com | AUTH : 3] / [LOCATION : com.ssafy.api.PortfolioRestController | [METHOD (GET) : findPortfolioByPortfolioId()]
2019-08-08 15:19:15 INFO [#] [ END ] - [ACCOUNT : test@naver.com | AUTH : 3] / [LOCATION : com.ssafy.api.PortfolioRestController | [METHOD (GET) : findPortfolioByPortfolioId()]
2019-08-08 15:19:21 INFO [#] [START] - [ACCOUNT : test@naver.com | AUTH : 3] / [LOCATION : com.ssafy.api.PortfolioRestController | [METHOD (GET) : findAllPortfolios()]
2019-08-08 15:19:21 INFO [#] [ END ] - [ACCOUNT : test@naver.com | AUTH : 3] / [LOCATION : com.ssafy.api.PortfolioRestController | [METHOD (GET) : findAllPortfolios()]
2019-08-08 15:19:22 INFO [#] [START] - [ACCOUNT : test@naver.com | AUTH : 3] / [LOCATION : com.ssafy.api.PortfolioRestController | [METHOD (GET) : findPortfolioByPortfolioId()]
2019-08-08 15:19:22 INFO [#] [ END ] - [ACCOUNT : test@naver.com | AUTH : 3] / [LOCATION : com.ssafy.api.PortfolioRestController | [METHOD (GET) : findPortfolioByPortfolioId()]
2019-08-08 15:19:24 INFO [#] [START] - [ACCOUNT : test@naver.com | AUTH : 3] / [LOCATION : com.ssafy.api.PortfolioRestController | [METHOD (GET) : findAllPortfolios()]
2019-08-08 15:19:24 INFO [#] [ END ] - [ACCOUNT : test@naver.com | AUTH : 3] / [LOCATION : com.ssafy.api.PortfolioRestController | [METHOD (GET) : findAllPortfolios()]
2019-08-08 15:19:24 INFO [#] [START] - [ACCOUNT : test@naver.com | AUTH : 3] / [LOCATION : com.ssafy.api.PortfolioRestController | [METHOD (GET) : findPortfolioByPortfolioId()]
2019-08-08 15:19:24 INFO [#] [ END ] - [ACCOUNT : test@naver.com | AUTH : 3] / [LOCATION : com.ssafy.api.PortfolioRestController | [METHOD (GET) : findPortfolioByPortfolioId()]
2019-08-08 15:19:25 INFO [#] [START] - [ACCOUNT : test@naver.com | AUTH : 3] / [LOCATION : com.ssafy.api.PortfolioRestController | [METHOD (GET) : findAllPortfolios()]
2019-08-08 15:19:25 INFO [#] [ END ] - [ACCOUNT : test@naver.com | AUTH : 3] / [LOCATION : com.ssafy.api.PortfolioRestController | [METHOD (GET) : findAllPortfolios()]
2019-08-08 15:19:27 INFO [#] [START] - [ACCOUNT : test@naver.com | AUTH : 3] / [LOCATION : com.ssafy.api.PortfolioRestController | [METHOD (GET) : findPortfolioByPortfolioId()]
2019-08-08 15:19:27 INFO [#] [ END ] - [ACCOUNT : test@naver.com | AUTH : 3] / [LOCATION : com.ssafy.api.PortfolioRestController | [METHOD (GET) : findPortfolioByPortfolioId()]
2019-08-08 15:19:32 INFO [#] [START] - [ACCOUNT : test@naver.com | AUTH : 3] / [LOCATION : com.ssafy.api.PortfolioCommentRestController | [METHOD (POST) : createPortfolioComment()]
2019-08-08 15:19:33 INFO [#] [ END ] - [ACCOUNT : test@naver.com | AUTH : 3] / [LOCATION : com.ssafy.api.PortfolioCommentRestController | [METHOD (POST) : createPortfolioComment()]
2019-08-08 15:19:33 INFO [#] [START] - [ACCOUNT : test@naver.com | AUTH : 3] / [LOCATION : com.ssafy.api.PortfolioRestController | [METHOD (GET) : findPortfolioByPortfolioId()]
2019-08-08 15:19:33 INFO [#] [ END ] - [ACCOUNT : test@naver.com | AUTH : 3] / [LOCATION : com.ssafy.api.PortfolioRestController | [METHOD (GET) : findPortfolioByPortfolioId()]
2019-08-08 15:20:09 INFO [#] [START] - [ACCOUNT : ********* ANONYMOUS ********] / [LOCATION : com.ssafy.api.PortfolioRestController | [METHOD (GET) : findAll()]
2019-08-08 15:20:09 INFO [#] [ END ] - [ACCOUNT : ********* ANONYMOUS ********] / [LOCATION : com.ssafy.api.PortfolioRestController | [METHOD (GET) : findAll()]
2019-08-08 15:20:49 INFO [#] [START] - [ACCOUNT : ********* ANONYMOUS ********] / [LOCATION : com.ssafy.api.PostRestController | [METHOD (GET) : findAll()]
2019-08-08 15:20:49 INFO [#] [ END ] - [ACCOUNT : ********* ANONYMOUS ********] / [LOCATION : com.ssafy.api.PostRestController | [METHOD (GET) : findAll()]
2019-08-08 15:20:59 INFO [#] [START] - [ACCOUNT : ********* ANONYMOUS ********] / [LOCATION : com.ssafy.api.PortfolioRestController | [METHOD (GET) : findAll()]
2019-08-08 15:20:59 INFO [#] [ END ] - [ACCOUNT : ********* ANONYMOUS ********] / [LOCATION : com.ssafy.api.PortfolioRestController | [METHOD (GET) : findAll()]
2019-08-08 15:21:00 INFO [#] [START] - [ACCOUNT : test@naver.com | AUTH : 3] / [LOCATION : com.ssafy.api.PortfolioRestController | [METHOD (GET) : findAllPortfolios()]
2019-08-08 15:21:00 INFO [#] [ END ] - [ACCOUNT : test@naver.com | AUTH : 3] / [LOCATION : com.ssafy.api.PortfolioRestController | [METHOD (GET) : findAllPortfolios()]
2019-08-08 15:22:32 INFO Shutting down ExecutorService 'applicationTaskExecutor'
2019-08-08 15:22:32 INFO Closing JPA EntityManagerFactory for persistence unit 'default'
2019-08-08 15:22:32 INFO HikariPool-1 - Shutdown initiated...
2019-08-08 15:22:32 INFO HikariPool-1 - Shutdown completed.
