2019-08-13 16:03:59 INFO Starting WebmobileSub2Application v0.0.1-SNAPSHOT on DESKTOP-KVCQHCD with PID 7236 (C:\Users\multicampus\Documents\Workspace_ssafy2\webmobile-final\backend\target\webmobile-final-0.0.1-SNAPSHOT.jar started by multicampus in C:\Users\multicampus\Documents\Workspace_ssafy2\webmobile-final\backend\target)
2019-08-13 16:03:59 INFO No active profile set, falling back to default profiles: default
2019-08-13 16:03:59 WARN No MyBatis mapper was found in '[com.ssafy]' package. Please check your configuration.
2019-08-13 16:03:59 INFO Bootstrapping Spring Data repositories in DEFAULT mode.
2019-08-13 16:03:59 INFO Finished Spring Data repository scanning in 56ms. Found 4 repository interfaces.
2019-08-13 16:04:00 INFO Bean 'org.springframework.transaction.annotation.ProxyTransactionManagementConfiguration' of type [org.springframework.transaction.annotation.ProxyTransactionManagementConfiguration$$EnhancerBySpringCGLIB$$2f147068] is not eligible for getting processed by all BeanPostProcessors (for example: not eligible for auto-proxying)
2019-08-13 16:04:00 INFO Tomcat initialized with port(s): 9090 (https)
2019-08-13 16:04:00 INFO Initializing ProtocolHandler ["https-jsse-nio-9090"]
2019-08-13 16:04:00 INFO Starting service [Tomcat]
2019-08-13 16:04:00 INFO Starting Servlet engine: [Apache Tomcat/9.0.21]
2019-08-13 16:04:00 INFO Initializing Spring embedded WebApplicationContext
2019-08-13 16:04:00 INFO Root WebApplicationContext: initialization completed in 1774 ms
2019-08-13 16:04:01 INFO HikariPool-1 - Starting...
2019-08-13 16:04:01 INFO HikariPool-1 - Start completed.
2019-08-13 16:04:01 INFO HHH000204: Processing PersistenceUnitInfo [
	name: default
	...]
2019-08-13 16:04:01 INFO HHH000412: Hibernate Core {5.3.10.Final}
2019-08-13 16:04:01 INFO HHH000206: hibernate.properties not found
2019-08-13 16:04:01 INFO HCANN000001: Hibernate Commons Annotations {5.0.4.Final}
2019-08-13 16:04:01 INFO HHH000400: Using dialect: org.hibernate.dialect.MySQL57InnoDBDialect
2019-08-13 16:04:02 INFO Initialized JPA EntityManagerFactory for persistence unit 'default'
2019-08-13 16:04:03 INFO Initializing ExecutorService 'applicationTaskExecutor'
2019-08-13 16:04:03 WARN spring.jpa.open-in-view is enabled by default. Therefore, database queries may be performed during view rendering. Explicitly configure spring.jpa.open-in-view to disable this warning
2019-08-13 16:04:03 INFO Adding welcome page: class path resource [static/index.html]
2019-08-13 16:04:03 INFO Starting ProtocolHandler ["https-jsse-nio-9090"]
2019-08-13 16:04:03 INFO Tomcat started on port(s): 9090 (https) with context path '/api/bears'
2019-08-13 16:04:03 INFO Started WebmobileSub2Application in 5.159 seconds (JVM running for 5.987)
2019-08-13 16:04:10 INFO Initializing Spring DispatcherServlet 'dispatcherServlet'
2019-08-13 16:04:10 INFO Initializing Servlet 'dispatcherServlet'
2019-08-13 16:04:10 INFO Completed initialization in 7 ms
2019-08-13 16:04:10 INFO [#] [START] - [ACCOUNT : ********* ANONYMOUS ********] / [LOCATION : com.ssafy.api.PortfolioRestController | [METHOD (GET) : findAllPortfolios()]
2019-08-13 16:04:10 INFO HHH000397: Using ASTQueryTranslatorFactory
2019-08-13 16:04:10 INFO [#] [ END ] - [ACCOUNT : ********* ANONYMOUS ********] / [LOCATION : com.ssafy.api.PortfolioRestController | [METHOD (GET) : findAllPortfolios()]
2019-08-13 16:04:14 INFO [#] [START] - [ACCOUNT : ********* ANONYMOUS ********] / [LOCATION : com.ssafy.api.PostRestController | [METHOD (GET) : findAllPosts()]
2019-08-13 16:04:14 INFO [#] [ END ] - [ACCOUNT : ********* ANONYMOUS ********] / [LOCATION : com.ssafy.api.PostRestController | [METHOD (GET) : findAllPosts()]
2019-08-13 16:04:23 INFO Shutting down ExecutorService 'applicationTaskExecutor'
2019-08-13 16:04:23 INFO Closing JPA EntityManagerFactory for persistence unit 'default'
2019-08-13 16:04:23 INFO HikariPool-1 - Shutdown initiated...
2019-08-13 16:04:23 INFO HikariPool-1 - Shutdown completed.
