2019-08-08 14:54:12 INFO Starting WebmobileSub2Application on DESKTOP-KVCQHCD with PID 4516 (C:\Users\multicampus\Documents\Workspace_ssafy2\webmobile-final\backend\target\classes started by multicampus in C:\Users\multicampus\Documents\Workspace_ssafy2\webmobile-final\backend)
2019-08-08 14:54:12 INFO No active profile set, falling back to default profiles: default
2019-08-08 14:54:12 INFO Devtools property defaults active! Set 'spring.devtools.add-properties' to 'false' to disable
2019-08-08 14:54:12 INFO For additional web related logging consider setting the 'logging.level.web' property to 'DEBUG'
2019-08-08 14:54:13 WARN No MyBatis mapper was found in '[com.ssafy]' package. Please check your configuration.
2019-08-08 14:54:13 INFO Bootstrapping Spring Data repositories in DEFAULT mode.
2019-08-08 14:54:13 INFO Finished Spring Data repository scanning in 47ms. Found 4 repository interfaces.
2019-08-08 14:54:13 INFO Bean 'org.springframework.transaction.annotation.ProxyTransactionManagementConfiguration' of type [org.springframework.transaction.annotation.ProxyTransactionManagementConfiguration$$EnhancerBySpringCGLIB$$a63d4620] is not eligible for getting processed by all BeanPostProcessors (for example: not eligible for auto-proxying)
2019-08-08 14:54:13 INFO Tomcat initialized with port(s): 9090 (https)
2019-08-08 14:54:13 INFO Initializing ProtocolHandler ["https-jsse-nio-9090"]
2019-08-08 14:54:13 INFO Starting service [Tomcat]
2019-08-08 14:54:13 INFO Starting Servlet engine: [Apache Tomcat/9.0.21]
2019-08-08 14:54:14 INFO Initializing Spring embedded WebApplicationContext
2019-08-08 14:54:14 INFO Root WebApplicationContext: initialization completed in 1048 ms
2019-08-08 14:54:14 INFO HikariPool-1 - Starting...
2019-08-08 14:54:14 INFO HikariPool-1 - Start completed.
2019-08-08 14:54:14 INFO HHH000204: Processing PersistenceUnitInfo [
	name: default
	...]
2019-08-08 14:54:14 INFO HHH000412: Hibernate Core {5.3.10.Final}
2019-08-08 14:54:14 INFO HHH000206: hibernate.properties not found
2019-08-08 14:54:14 INFO HCANN000001: Hibernate Commons Annotations {5.0.4.Final}
2019-08-08 14:54:14 INFO HHH000400: Using dialect: org.hibernate.dialect.MySQL57InnoDBDialect
2019-08-08 14:54:15 INFO Initialized JPA EntityManagerFactory for persistence unit 'default'
2019-08-08 14:54:15 INFO LiveReload server is running on port 35729
2019-08-08 14:54:15 INFO Initializing ExecutorService 'applicationTaskExecutor'
2019-08-08 14:54:15 WARN spring.jpa.open-in-view is enabled by default. Therefore, database queries may be performed during view rendering. Explicitly configure spring.jpa.open-in-view to disable this warning
2019-08-08 14:54:15 INFO Adding welcome page: class path resource [static/index.html]
2019-08-08 14:54:15 INFO Starting ProtocolHandler ["https-jsse-nio-9090"]
2019-08-08 14:54:16 INFO Tomcat started on port(s): 9090 (https) with context path '/api/bears'
2019-08-08 14:54:16 INFO Started WebmobileSub2Application in 3.429 seconds (JVM running for 4.287)
2019-08-08 14:55:04 INFO Initializing Spring DispatcherServlet 'dispatcherServlet'
2019-08-08 14:55:04 INFO Initializing Servlet 'dispatcherServlet'
2019-08-08 14:55:04 INFO Completed initialization in 4 ms
2019-08-08 14:55:04 INFO [#] [START] - [ACCOUNT : ********* ANONYMOUS ********] / [LOCATION : com.ssafy.api.PortfolioRestController | [METHOD (GET) : findAllPortfolios()]
2019-08-08 14:55:04 INFO HHH000397: Using ASTQueryTranslatorFactory
2019-08-08 14:55:04 INFO [#] [ END ] - [ACCOUNT : ********* ANONYMOUS ********] / [LOCATION : com.ssafy.api.PortfolioRestController | [METHOD (GET) : findAllPortfolios()]
2019-08-08 14:55:34 INFO [#] [START] - [ACCOUNT : ********* ANONYMOUS ********] / [LOCATION : com.ssafy.api.PortfolioRestController | [METHOD (GET) : findAllPortfolios()]
2019-08-08 14:55:34 INFO [#] [ END ] - [ACCOUNT : ********* ANONYMOUS ********] / [LOCATION : com.ssafy.api.PortfolioRestController | [METHOD (GET) : findAllPortfolios()]
2019-08-08 14:56:14 INFO [#] [START] - [ACCOUNT : ********* ANONYMOUS ********] / [LOCATION : com.ssafy.api.PortfolioRestController | [METHOD (GET) : findAllPortfolios()]
2019-08-08 14:56:14 INFO [#] [ END ] - [ACCOUNT : ********* ANONYMOUS ********] / [LOCATION : com.ssafy.api.PortfolioRestController | [METHOD (GET) : findAllPortfolios()]
2019-08-08 14:56:23 INFO Application shutdown requested.
2019-08-08 14:56:23 INFO Shutting down ExecutorService 'applicationTaskExecutor'
2019-08-08 14:56:23 INFO Closing JPA EntityManagerFactory for persistence unit 'default'
2019-08-08 14:56:23 INFO HikariPool-1 - Shutdown initiated...
2019-08-08 14:56:23 INFO HikariPool-1 - Shutdown completed.
