2019-08-28 15:37:26 INFO Starting WebmobileSub2Application on DESKTOP-KVCQHCD with PID 8360 (C:\Users\multicampus\Documents\Workspace-ssafy-webmobile\webmobile-final\backend\target\classes started by multicampus in C:\Users\multicampus\Documents\Workspace-ssafy-webmobile\webmobile-final\backend)
2019-08-28 15:37:26 INFO No active profile set, falling back to default profiles: default
2019-08-28 15:37:26 INFO Devtools property defaults active! Set 'spring.devtools.add-properties' to 'false' to disable
2019-08-28 15:37:26 INFO For additional web related logging consider setting the 'logging.level.web' property to 'DEBUG'
2019-08-28 15:37:26 WARN No MyBatis mapper was found in '[com.ssafy]' package. Please check your configuration.
2019-08-28 15:37:26 INFO Bootstrapping Spring Data repositories in DEFAULT mode.
2019-08-28 15:37:26 INFO Finished Spring Data repository scanning in 60ms. Found 4 repository interfaces.
2019-08-28 15:37:27 INFO Bean 'org.springframework.transaction.annotation.ProxyTransactionManagementConfiguration' of type [org.springframework.transaction.annotation.ProxyTransactionManagementConfiguration$$EnhancerBySpringCGLIB$$40a1eb0f] is not eligible for getting processed by all BeanPostProcessors (for example: not eligible for auto-proxying)
2019-08-28 15:37:27 INFO Tomcat initialized with port(s): 9090 (https)
2019-08-28 15:37:27 INFO Initializing ProtocolHandler ["https-jsse-nio-9090"]
2019-08-28 15:37:27 INFO Starting service [Tomcat]
2019-08-28 15:37:27 INFO Starting Servlet engine: [Apache Tomcat/9.0.21]
2019-08-28 15:37:27 INFO Initializing Spring embedded WebApplicationContext
2019-08-28 15:37:27 INFO Root WebApplicationContext: initialization completed in 1068 ms
2019-08-28 15:37:27 INFO HikariPool-1 - Starting...
2019-08-28 15:37:27 INFO HikariPool-1 - Start completed.
2019-08-28 15:37:27 INFO HHH000204: Processing PersistenceUnitInfo [
	name: default
	...]
2019-08-28 15:37:27 INFO HHH000412: Hibernate Core {5.3.10.Final}
2019-08-28 15:37:27 INFO HHH000206: hibernate.properties not found
2019-08-28 15:37:27 INFO HCANN000001: Hibernate Commons Annotations {5.0.4.Final}
2019-08-28 15:37:27 INFO HHH000400: Using dialect: org.hibernate.dialect.MySQL57InnoDBDialect
2019-08-28 15:37:28 INFO Initialized JPA EntityManagerFactory for persistence unit 'default'
2019-08-28 15:37:28 INFO LiveReload server is running on port 35729
2019-08-28 15:37:28 INFO Initializing ExecutorService 'applicationTaskExecutor'
2019-08-28 15:37:28 WARN spring.jpa.open-in-view is enabled by default. Therefore, database queries may be performed during view rendering. Explicitly configure spring.jpa.open-in-view to disable this warning
2019-08-28 15:37:28 INFO Adding welcome page: class path resource [static/index.html]
2019-08-28 15:37:29 INFO Starting ProtocolHandler ["https-jsse-nio-9090"]
2019-08-28 15:37:29 INFO Tomcat started on port(s): 9090 (https) with context path '/api/bears'
2019-08-28 15:37:29 INFO Started WebmobileSub2Application in 3.329 seconds (JVM running for 4.127)
2019-08-28 15:38:42 INFO Application shutdown requested.
2019-08-28 15:38:42 INFO Shutting down ExecutorService 'applicationTaskExecutor'
2019-08-28 15:38:42 INFO Closing JPA EntityManagerFactory for persistence unit 'default'
2019-08-28 15:38:42 INFO HikariPool-1 - Shutdown initiated...
2019-08-28 15:38:42 INFO HikariPool-1 - Shutdown completed.
